<?xml version="1.0" encoding="UTF-8" ?>
<testsuite errors="0" failures="0" hostname="RCDDHALL" name="org.rti.webgenome.core.ExtensionFilenameFilterTester" tests="1" time="0.02" timestamp="2007-04-17T15:18:02">
  <properties>
    <property name="java.vendor" value="Sun Microsystems Inc." />
    <property name="lib.dir" value="C:\projects\webgenome\webapp\WEB-INF\lib" />
    <property name="core.build.dir" value="C:\projects\webgenome\build\core" />
    <property name="sun.management.compiler" value="HotSpot Client Compiler" />
    <property name="notification.recipient.list" value="dhall@rti.org" />
    <property name="os.name" value="Windows XP" />
    <property name="sun.boot.class.path" value="C:\Program Files\Java\jdk1.5.0_08\jre\lib\rt.jar;C:\Program Files\Java\jdk1.5.0_08\jre\lib\i18n.jar;C:\Program Files\Java\jdk1.5.0_08\jre\lib\sunrsasign.jar;C:\Program Files\Java\jdk1.5.0_08\jre\lib\jsse.jar;C:\Program Files\Java\jdk1.5.0_08\jre\lib\jce.jar;C:\Program Files\Java\jdk1.5.0_08\jre\lib\charsets.jar;C:\Program Files\Java\jdk1.5.0_08\jre\classes" />
    <property name="TODAY" value="April 17 2007" />
    <property name="sun.desktop" value="windows" />
    <property name="java.vm.specification.vendor" value="Sun Microsystems Inc." />
    <property name="ant.home" value="C:\Program Files\apache-ant-1.7.0\bin\.." />
    <property name="core.junit.output.dir" value="C:\projects\webgenome\build\core\junit-out" />
    <property name="java.runtime.version" value="1.5.0_08-b03" />
    <property name="core.classes.dir" value="C:\projects\webgenome\build\core\classes" />
    <property name="user.name" value="dhall" />
    <property name="build.dir" value="C:\projects\webgenome\build" />
    <property name="notification.from" value="dhall@rti.org" />
    <property name="notification.success.subject" value="WebGenome build and test successful" />
    <property name="user.language" value="en" />
    <property name="src.parent.dir" value="C:\projects\webgenome\java" />
    <property name="sun.boot.library.path" value="C:\Program Files\Java\jdk1.5.0_08\jre\bin" />
    <property name="ant.project.name" value="webgenome-core" />
    <property name="DSTAMP" value="20070417" />
    <property name="java.version" value="1.5.0_08" />
    <property name="user.timezone" value="" />
    <property name="sun.arch.data.model" value="32" />
    <property name="java.endorsed.dirs" value="C:\Program Files\Java\jdk1.5.0_08\jre\lib\endorsed" />
    <property name="sun.cpu.isalist" value="pentium_pro+mmx pentium_pro pentium+mmx pentium i486 i386 i86" />
    <property name="sun.jnu.encoding" value="Cp1252" />
    <property name="file.encoding.pkg" value="sun.io" />
    <property name="file.separator" value="\" />
    <property name="java.specification.name" value="Java Platform API Specification" />
    <property name="java.class.version" value="49.0" />
    <property name="user.country" value="US" />
    <property name="java.home" value="C:\Program Files\Java\jdk1.5.0_08\jre" />
    <property name="dist.dir" value="C:\projects\webgenome\dist" />
    <property name="java.vm.info" value="mixed mode, sharing" />
    <property name="ant.file" value="C:\projects\webgenome\java\core\build.xml" />
    <property name="os.version" value="5.1" />
    <property name="build.lib.dir" value="C:\projects\webgenome\build\lib" />
    <property name="path.separator" value=";" />
    <property name="ant.file.webgenome-core" value="C:\projects\webgenome\java\core\build.xml" />
    <property name="java.vm.version" value="1.5.0_08-b03" />
    <property name="report.dir" value="c:\temp\webgenome-build-reports" />
    <property name="user.variant" value="" />
    <property name="ant.library.dir" value="C:\Program Files\apache-ant-1.7.0\lib" />
    <property name="java.awt.printerjob" value="sun.awt.windows.WPrinterJob" />
    <property name="sun.io.unicode.encoding" value="UnicodeLittle" />
    <property name="awt.toolkit" value="sun.awt.windows.WToolkit" />
    <property name="webui.home.dir" value="C:\projects\webgenome\java\webui" />
    <property name="core.src.dir" value="C:\projects\webgenome\java\core\src" />
    <property name="user.home" value="C:\Documents and Settings\dhall" />
    <property name="pause.seconds.after.start.tomcat.called" value="60" />
    <property name="java.specification.vendor" value="Sun Microsystems Inc." />
    <property name="core.home.dir" value="C:\projects\webgenome\java\core" />
    <property name="core.junit.classes.dir" value="C:\projects\webgenome\build\core\junit-classes" />
    <property name="java.library.path" value="C:\Program Files\Java\jdk1.5.0_08\bin;.;C:\WINDOWS\system32;C:\WINDOWS;C:\oraclexe\app\oracle\product\10.2.0\server\bin;C:\Program Files\Java\jdk1.5.0_08\bin;C:\oracle\ora92\bin;C:\Program Files\Oracle\jre\1.3.1\bin;C:\Program Files\Oracle\jre\1.1.8\bin;C:\Program Files\ThinkPad\Utilities;C:\WINDOWS\system32;C:\WINDOWS;C:\WINDOWS\System32\Wbem;C:\Program Files\ATI Technologies\ATI Control Panel;C:\Program Files\ATI Technologies\Fire GL 3D Studio Max;C:\Program Files\QuickTime\QTSystem\;C:\Program Files\ThinkPad\ConnectUtilities;C:\Program Files\Microsoft SQL Server\90\Tools\binn\;C:\Program Files\Microsoft SQL Server\90\DTS\Binn\;C:\Program Files\Microsoft SQL Server\90\Tools\Binn\VSShell\Common7\IDE\;C:\Program Files\Microsoft Visual Studio 8\Common7\IDE\PrivateAssemblies\;C:\Program Files\maven-2.0.4\bin;C:\Program Files\Common Files\GTK\2.0\bin;C:\Program Files\apache-ant-1.7.0\bin;C:\Program Files\Microsoft Visual Studio\Common\Tools\WinNT;C:\Program Files\Microsoft Visual Studio\Common\MSDev98\Bin;C:\Program Files\Microsoft Visual Studio\Common\Tools;C:\Program Files\Microsoft Visual Studio\VC98\bin" />
    <property name="java.vendor.url" value="http://java.sun.com/" />
    <property name="java.vm.vendor" value="Sun Microsystems Inc." />
    <property name="core.junit.formatted.output.dir" value="c:\temp\webgenome-build-reports/core/2007-04-17-TIME-11h-17m-42s" />
    <property name="java.runtime.name" value="Java(TM) 2 Runtime Environment, Standard Edition" />
    <property name="java.class.path" value="C:\Program Files\apache-ant-1.7.0\bin\..\lib\ant-launcher.jar;C:\Program Files\QuickTime\QTSystem\QTJava.zip;C:\Program Files\apache-ant-1.7.0\lib\ant-antlr.jar;C:\Program Files\apache-ant-1.7.0\lib\ant-apache-bcel.jar;C:\Program Files\apache-ant-1.7.0\lib\ant-apache-bsf.jar;C:\Program Files\apache-ant-1.7.0\lib\ant-apache-log4j.jar;C:\Program Files\apache-ant-1.7.0\lib\ant-apache-oro.jar;C:\Program Files\apache-ant-1.7.0\lib\ant-apache-regexp.jar;C:\Program Files\apache-ant-1.7.0\lib\ant-apache-resolver.jar;C:\Program Files\apache-ant-1.7.0\lib\ant-commons-logging.jar;C:\Program Files\apache-ant-1.7.0\lib\ant-commons-net.jar;C:\Program Files\apache-ant-1.7.0\lib\ant-jai.jar;C:\Program Files\apache-ant-1.7.0\lib\ant-javamail.jar;C:\Program Files\apache-ant-1.7.0\lib\ant-jdepend.jar;C:\Program Files\apache-ant-1.7.0\lib\ant-jmf.jar;C:\Program Files\apache-ant-1.7.0\lib\ant-jsch.jar;C:\Program Files\apache-ant-1.7.0\lib\ant-junit.jar;C:\Program Files\apache-ant-1.7.0\lib\ant-launcher.jar;C:\Program Files\apache-ant-1.7.0\lib\ant-netrexx.jar;C:\Program Files\apache-ant-1.7.0\lib\ant-nodeps.jar;C:\Program Files\apache-ant-1.7.0\lib\ant-starteam.jar;C:\Program Files\apache-ant-1.7.0\lib\ant-stylebook.jar;C:\Program Files\apache-ant-1.7.0\lib\ant-swing.jar;C:\Program Files\apache-ant-1.7.0\lib\ant-testutil.jar;C:\Program Files\apache-ant-1.7.0\lib\ant-trax.jar;C:\Program Files\apache-ant-1.7.0\lib\ant-weblogic.jar;C:\Program Files\apache-ant-1.7.0\lib\ant.jar;C:\Program Files\apache-ant-1.7.0\lib\xercesImpl.jar;C:\Program Files\apache-ant-1.7.0\lib\xml-apis.jar;C:\Program Files\Java\jdk1.5.0_08\lib\tools.jar" />
    <property name="ant.version" value="Apache Ant version 1.7.0 compiled on December 13 2006" />
    <property name="notification.smtp.host" value="rtismtp.rti.org" />
    <property name="TSTAMP" value="1117" />
    <property name="systest.build.dir" value="C:\projects\webgenome\build\systest" />
    <property name="java.vm.specification.name" value="Java Virtual Machine Specification" />
    <property name="java.vm.specification.version" value="1.0" />
    <property name="sun.cpu.endian" value="little" />
    <property name="sun.os.patch.level" value="Service Pack 2" />
    <property name="java.io.tmpdir" value="C:\DOCUME~1\dhall\LOCALS~1\Temp\" />
    <property name="java.vendor.url.bug" value="http://java.sun.com/cgi-bin/bugreport.cgi" />
    <property name="os.arch" value="x86" />
    <property name="java.awt.graphicsenv" value="sun.awt.Win32GraphicsEnvironment" />
    <property name="java.ext.dirs" value="C:\Program Files\Java\jdk1.5.0_08\jre\lib\ext" />
    <property name="user.dir" value="C:\projects\webgenome" />
    <property name="ant.file.webgenome" value="C:\projects\webgenome\build.xml" />
    <property name="core.jar.file.name" value="webgenome-core.jar" />
    <property name="line.separator" value="
" />
    <property name="java.vm.name" value="Java HotSpot(TM) Client VM" />
    <property name="tomcat.home" value="C:\Tomcat5.5" />
    <property name="basedir" value="C:\projects\webgenome\java\core" />
    <property name="build.time" value="2007-04-17-TIME-11h-17m-42s" />
    <property name="ant.java.version" value="1.5" />
    <property name="ant.core.lib" value="C:\Program Files\apache-ant-1.7.0\lib\ant.jar" />
    <property name="file.encoding" value="Cp1252" />
    <property name="war.name" value="WebGenome" />
    <property name="core.junit.src.dir" value="C:\projects\webgenome\java\core\junit" />
    <property name="systest.home.dir" value="C:\projects\webgenome\java\systest" />
    <property name="java.specification.version" value="1.5" />
    <property name="notification.test.failure.subject" value="WebGenome unit test failure" />
    <property name="release.tag" value="rel-2-3-build-8-20070125" />
  </properties>
  <testcase classname="org.rti.webgenome.core.ExtensionFilenameFilterTester" name="test1" time="0.01" />
  <system-out><![CDATA[]]></system-out>
  <system-err><![CDATA[]]></system-err>
</testsuite>
